(...)
abdias-campos
	passarinho-voador
abdias-do-acordeon
	a-saudade-mata-a-gente
	a-volta-do-boemio
	agenda-popular
	ai-de-mi
	ai-que-saudade-da-amelia
	alegria-do-pobre
	anel-de-couro
	aos-pes-da-cruz
	aperto-de-mao
	aquela-casinha-velha
	aquela-mulher
	barbeiro-da-cidade
	bico-de-gaviao
	botando-pra-roer
	brasa
	brincadeira-do-chinela
	cabelo-de-cacho
	cabelos-brancos
	cabo-da-vassoura
	cade-luzia
	cajueiro
	caminho-certo
	capim-da-lagoa
	castigo
	chega-pra-ca-pra-eu-joana
	com-pena-do-papagaio
	conselho-de-amigo
	danca-de-sao-goncalo
	e-carimbo
	e-do-suor-pingar
	ela-gosta-de-apanhar
	ela-vai-sofrer-por-mi
	em-cima-da-hora
	escreve-me
	falsa-baiana
	feitico-da-vila
	festa-do-capao
	festa-na-roca
	final-de-festa
	forro-do-pe-de-bode
	forro-do-regatao
	forro-em-petrolina
	fraguei
	garanto-que-nos-nao-briga
	garoto-da-rua
	hoje-a-noite-e-nossa
	incompreensao
	isso-e-importante
	la-e-ca
	marina
	mentira-da-cabra
	merengue-quente
	meu-pai-e-a-sanfona
	meu-pecado
	minha-ex-mulher
	minha-vergonha
	mocidade-que-perdi
	morena-me-da-um-cheiro
	moreninha
	mulher-vaidosa
	mulheres-de-ningue
	nao-lhe-solto-o-matheus
	nao-posso-lhe-perdoar
	nao-te-quero-mas-nao-te-deixo
	nao-va-embora
	nem-me-lembro-de-voce
	nervos-de-aco
	ninguem-gosta-de-ningue
	no-lugar-do-coracao
	no-roncado-do-fole
	normalista
	normelia
	nossa-senhora-de-nazare
	nunca-mais-hei-de-beber
	o-amor-eu-encontrei
	o-arrastado-do-chinelo
	o-bode
	o-camaleao
	o-mane
	oito-baixos-chorao
	olho-dagua-chorou
	otario-nao-tem-vez
	passa-a-frente-nem-ne
	pastora-bela
	pombo-correio
	pra-nao-me-matar-de-dor
	pra-nao-morrer-de-tristeza
	pra-tirar-coco
	preferiu-a-boemia
	principio-do-fi
	questao-de-honra
	reizado-da-conceicao
	responde-saudade
	sai-do-sereno
	sanfoneiro-desde-menino
